#
# There is insufficient memory for the Java Runtime Environment to continue.
# Native memory allocation (malloc) failed to allocate 2335056 bytes for Chunk::new
# Possible reasons:
#   The system is out of physical RAM or swap space
#   In 32 bit mode, the process size limit was hit
# Possible solutions:
#   Reduce memory load on the system
#   Increase physical memory or swap space
#   Check if swap backing store is full
#   Use 64 bit Java on a 64 bit OS
#   Decrease Java heap size (-Xmx/-Xms)
#   Decrease number of Java threads
#   Decrease Java thread stack sizes (-Xss)
#   Set larger code cache with -XX:ReservedCodeCacheSize=
# This output file may be truncated or incomplete.
#
#  Out of Memory Error (allocation.cpp:390), pid=4848, tid=0x00000000000019d4
#
# JRE version: Java(TM) SE Runtime Environment (8.0_181-b13) (build 1.8.0_181-b13)
# Java VM: Java HotSpot(TM) 64-Bit Server VM (25.181-b13 mixed mode windows-amd64 compressed oops)
# Failed to write core dump. Minidumps are not enabled by default on client versions of Windows
#

---------------  T H R E A D  ---------------

Current thread (0x0000000017d10800):  JavaThread "C2 CompilerThread0" daemon [_thread_in_native, id=6612, stack(0x0000000018260000,0x0000000018360000)]

Stack: [0x0000000018260000,0x0000000018360000]
[error occurred during error reporting (printing stack bounds), id 0xc0000005]

Native frames: (J=compiled Java code, j=interpreted, Vv=VM code, C=native code)


Current CompileTask:
C2:  12514 4746   !   4       org.springframework.core.annotation.AnnotationUtils::getAnnotatedMethodsInBaseType (163 bytes)


---------------  P R O C E S S  ---------------

Java Threads: ( => current thread )
  0x000000001c622800 JavaThread "container-0" [_thread_blocked, id=6520, stack(0x0000000025690000,0x0000000025790000)]
  0x000000001c623800 JavaThread "ContainerBackgroundProcessor[StandardEngine[Tomcat]]" daemon [_thread_blocked, id=3912, stack(0x0000000025590000,0x0000000025690000)]
  0x0000000019a48800 JavaThread "SimplePauseDetectorThread_0" daemon [_thread_blocked, id=3444, stack(0x0000000021ee0000,0x0000000021fe0000)]
  0x0000000019a44000 JavaThread "Thread-4" daemon [_thread_blocked, id=5928, stack(0x0000000021de0000,0x0000000021ee0000)]
  0x0000000019a42800 JavaThread "Abandoned connection cleanup thread" daemon [_thread_blocked, id=788, stack(0x0000000021ce0000,0x0000000021de0000)]
  0x0000000019a44800 JavaThread "localhost-startStop-1" daemon [_thread_blocked, id=6680, stack(0x00000000204c0000,0x00000000205c0000)]
  0x0000000019a47800 JavaThread "Tomcat-startStop-1" daemon [_thread_blocked, id=4404, stack(0x00000000203c0000,0x00000000204c0000)]
  0x0000000017cc9000 JavaThread "Service Thread" daemon [_thread_blocked, id=4764, stack(0x0000000018660000,0x0000000018760000)]
  0x0000000017d1b800 JavaThread "C1 CompilerThread3" daemon [_thread_blocked, id=4924, stack(0x0000000018560000,0x0000000018660000)]
  0x0000000017d1a800 JavaThread "C2 CompilerThread2" daemon [_thread_in_native, id=5240, stack(0x0000000018460000,0x0000000018560000)]
  0x0000000017d1a000 JavaThread "C2 CompilerThread1" daemon [_thread_blocked, id=4236, stack(0x0000000018360000,0x0000000018460000)]
=>0x0000000017d10800 JavaThread "C2 CompilerThread0" daemon [_thread_in_native, id=6612, stack(0x0000000018260000,0x0000000018360000)]
  0x000000001710f800 JavaThread "JDWP Command Reader" daemon [_thread_in_native, id=3564, stack(0x0000000017960000,0x0000000017a60000)]
  0x000000001710e000 JavaThread "JDWP Event Helper Thread" daemon [_thread_blocked, id=4872, stack(0x0000000017860000,0x0000000017960000)]
  0x0000000017102800 JavaThread "JDWP Transport Listener: dt_socket" daemon [_thread_blocked, id=412, stack(0x0000000017760000,0x0000000017860000)]
  0x00000000170f7800 JavaThread "Attach Listener" daemon [_thread_blocked, id=6740, stack(0x0000000017660000,0x0000000017760000)]
  0x00000000170a1800 JavaThread "Signal Dispatcher" daemon [_thread_blocked, id=5148, stack(0x0000000017560000,0x0000000017660000)]
  0x0000000015184800 JavaThread "Finalizer" daemon [_thread_blocked, id=3604, stack(0x0000000017460000,0x0000000017560000)]
  0x0000000002e8e800 JavaThread "Reference Handler" daemon [_thread_blocked, id=5792, stack(0x0000000016f60000,0x0000000017060000)]
  0x000000000289e000 JavaThread "main" [_thread_in_native, id=2220, stack(0x0000000002c90000,0x0000000002d90000)]

Other Threads:
  0x000000001517a000 VMThread [stack: 0x0000000016e60000,0x0000000016f60000] [id=4160]
  0x0000000017c1e800 WatcherThread [stack: 0x0000000018760000,0x0000000018860000] [id=3756]

VM state:not at safepoint (normal execution)

VM Mutex/Monitor currently owned by a thread: None

Heap:
 PSYoungGen      total 179712K, used 114455K [0x00000000f0180000, 0x00000000ffe80000, 0x0000000100000000)
  eden space 169984K, 62% used [0x00000000f0180000,0x00000000f6951968,0x00000000fa780000)
  from space 9728K, 83% used [0x00000000fa780000,0x00000000faf74378,0x00000000fb100000)
  to   space 10240K, 0% used [0x00000000ff480000,0x00000000ff480000,0x00000000ffe80000)
 ParOldGen       total 44032K, used 19545K [0x00000000d0400000, 0x00000000d2f00000, 0x00000000f0180000)
  object space 44032K, 44% used [0x00000000d0400000,0x00000000d1716510,0x00000000d2f00000)
 Metaspace       used 39353K, capacity 41048K, committed 41344K, reserved 1087488K
  class space    used 5074K, capacity 5402K, committed 5504K, reserved 1048576K

Card table byte_map: [0x00000000123b0000,0x0000000012530000] byte_map_base: 0x0000000011d2e000

Marking Bits: (ParMarkBitMap*) 0x0000000071712d00
 Begin Bits: [0x0000000012e30000, 0x0000000013a20000)
 End Bits:   [0x0000000013a20000, 0x0000000014610000)

Polling page: 0x00000000007f0000

CodeCache: size=245760Kb used=16905Kb max_used=17639Kb free=228854Kb
 bounds [0x0000000002ff0000, 0x0000000004150000, 0x0000000011ff0000]
 total_blobs=4566 nmethods=4138 adapters=347
 compilation: enabled

Compilation events (10 events):
Event: 12.428 Thread 0x0000000017d1b800 4787       3       java.util.regex.ASCII::isAlpha (8 bytes)
Event: 12.429 Thread 0x0000000017d1b800 nmethod 4787 0x00000000032d4c10 code [0x00000000032d4d80, 0x00000000032d5050]
Event: 12.438 Thread 0x0000000017d1a000 nmethod 4776 0x00000000038ade90 code [0x00000000038ae100, 0x00000000038b00c0]
Event: 12.438 Thread 0x0000000017d1a000 4781  s!   4       java.beans.PropertyDescriptor::getReadMethod (175 bytes)
Event: 12.441 Thread 0x0000000017d1a000 nmethod 4781 0x000000000316d810 code [0x000000000316d980, 0x000000000316de68]
Event: 12.442 Thread 0x0000000017d1a000 4782       4       ch.qos.logback.classic.Level::toLevel (98 bytes)
Event: 12.443 Thread 0x0000000017d1a000 nmethod 4782 0x0000000003176650 code [0x00000000031767a0, 0x0000000003176898]
Event: 12.446 Thread 0x0000000017d1b800 4788   !   3       ch.qos.logback.classic.LoggerContext::getLogger (164 bytes)
Event: 12.447 Thread 0x0000000017d1b800 nmethod 4788 0x00000000033002d0 code [0x0000000003300500, 0x00000000033011d8]
Event: 12.450 Thread 0x0000000017d1a000 4789       4       org.eclipse.jdt.launching.internal.org.objectweb.asm.MethodWriter::visitIntInsn (113 bytes)

GC Heap History (10 events):
Event: 5.325 GC heap before
{Heap before GC invocations=13 (full 1):
 PSYoungGen      total 82944K, used 78848K [0x00000000f0180000, 0x00000000f8600000, 0x0000000100000000)
  eden space 78848K, 100% used [0x00000000f0180000,0x00000000f4e80000,0x00000000f4e80000)
  from space 4096K, 0% used [0x00000000f4e80000,0x00000000f4e80000,0x00000000f5280000)
  to   space 4608K, 0% used [0x00000000f8180000,0x00000000f8180000,0x00000000f8600000)
 ParOldGen       total 22016K, used 5525K [0x00000000d0400000, 0x00000000d1980000, 0x00000000f0180000)
  object space 22016K, 25% used [0x00000000d0400000,0x00000000d09654f8,0x00000000d1980000)
 Metaspace       used 26685K, capacity 27476K, committed 27776K, reserved 1073152K
  class space    used 3432K, capacity 3628K, committed 3712K, reserved 1048576K
Event: 5.349 GC heap after
Heap after GC invocations=13 (full 1):
 PSYoungGen      total 120832K, used 4597K [0x00000000f0180000, 0x00000000f8600000, 0x0000000100000000)
  eden space 116224K, 0% used [0x00000000f0180000,0x00000000f0180000,0x00000000f7300000)
  from space 4608K, 99% used [0x00000000f8180000,0x00000000f85fd560,0x00000000f8600000)
  to   space 6656K, 0% used [0x00000000f7900000,0x00000000f7900000,0x00000000f7f80000)
 ParOldGen       total 22016K, used 9508K [0x00000000d0400000, 0x00000000d1980000, 0x00000000f0180000)
  object space 22016K, 43% used [0x00000000d0400000,0x00000000d0d49340,0x00000000d1980000)
 Metaspace       used 26685K, capacity 27476K, committed 27776K, reserved 1073152K
  class space    used 3432K, capacity 3628K, committed 3712K, reserved 1048576K
}
Event: 6.888 GC heap before
{Heap before GC invocations=14 (full 1):
 PSYoungGen      total 120832K, used 120821K [0x00000000f0180000, 0x00000000f8600000, 0x0000000100000000)
  eden space 116224K, 100% used [0x00000000f0180000,0x00000000f7300000,0x00000000f7300000)
  from space 4608K, 99% used [0x00000000f8180000,0x00000000f85fd560,0x00000000f8600000)
  to   space 6656K, 0% used [0x00000000f7900000,0x00000000f7900000,0x00000000f7f80000)
 ParOldGen       total 22016K, used 9508K [0x00000000d0400000, 0x00000000d1980000, 0x00000000f0180000)
  object space 22016K, 43% used [0x00000000d0400000,0x00000000d0d49340,0x00000000d1980000)
 Metaspace       used 29398K, capacity 30340K, committed 30464K, reserved 1075200K
  class space    used 3744K, capacity 3976K, committed 4096K, reserved 1048576K
Event: 6.926 GC heap after
Heap after GC invocations=14 (full 1):
 PSYoungGen      total 129024K, used 6644K [0x00000000f0180000, 0x00000000fba80000, 0x0000000100000000)
  eden space 122368K, 0% used [0x00000000f0180000,0x00000000f0180000,0x00000000f7900000)
  from space 6656K, 99% used [0x00000000f7900000,0x00000000f7f7d118,0x00000000f7f80000)
  to   space 9728K, 0% used [0x00000000fb100000,0x00000000fb100000,0x00000000fba80000)
 ParOldGen       total 22016K, used 15140K [0x00000000d0400000, 0x00000000d1980000, 0x00000000f0180000)
  object space 22016K, 68% used [0x00000000d0400000,0x00000000d12c91a8,0x00000000d1980000)
 Metaspace       used 29398K, capacity 30340K, committed 30464K, reserved 1075200K
  class space    used 3744K, capacity 3976K, committed 4096K, reserved 1048576K
}
Event: 8.720 GC heap before
{Heap before GC invocations=15 (full 1):
 PSYoungGen      total 129024K, used 129012K [0x00000000f0180000, 0x00000000fba80000, 0x0000000100000000)
  eden space 122368K, 100% used [0x00000000f0180000,0x00000000f7900000,0x00000000f7900000)
  from space 6656K, 99% used [0x00000000f7900000,0x00000000f7f7d118,0x00000000f7f80000)
  to   space 9728K, 0% used [0x00000000fb100000,0x00000000fb100000,0x00000000fba80000)
 ParOldGen       total 22016K, used 15140K [0x00000000d0400000, 0x00000000d1980000, 0x00000000f0180000)
  object space 22016K, 68% used [0x00000000d0400000,0x00000000d12c91a8,0x00000000d1980000)
 Metaspace       used 32733K, capacity 33732K, committed 33920K, reserved 1079296K
  class space    used 4190K, capacity 4442K, committed 4480K, reserved 1048576K
Event: 8.738 GC heap after
Heap after GC invocations=15 (full 1):
 PSYoungGen      total 179712K, used 5468K [0x00000000f0180000, 0x00000000fc080000, 0x0000000100000000)
  eden space 169984K, 0% used [0x00000000f0180000,0x00000000f0180000,0x00000000fa780000)
  from space 9728K, 56% used [0x00000000fb100000,0x00000000fb657088,0x00000000fba80000)
  to   space 9728K, 0% used [0x00000000fa780000,0x00000000fa780000,0x00000000fb100000)
 ParOldGen       total 22016K, used 19832K [0x00000000d0400000, 0x00000000d1980000, 0x00000000f0180000)
  object space 22016K, 90% used [0x00000000d0400000,0x00000000d175e380,0x00000000d1980000)
 Metaspace       used 32733K, capacity 33732K, committed 33920K, reserved 1079296K
  class space    used 4190K, capacity 4442K, committed 4480K, reserved 1048576K
}
Event: 8.738 GC heap before
{Heap before GC invocations=16 (full 2):
 PSYoungGen      total 179712K, used 5468K [0x00000000f0180000, 0x00000000fc080000, 0x0000000100000000)
  eden space 169984K, 0% used [0x00000000f0180000,0x00000000f0180000,0x00000000fa780000)
  from space 9728K, 56% used [0x00000000fb100000,0x00000000fb657088,0x00000000fba80000)
  to   space 9728K, 0% used [0x00000000fa780000,0x00000000fa780000,0x00000000fb100000)
 ParOldGen       total 22016K, used 19832K [0x00000000d0400000, 0x00000000d1980000, 0x00000000f0180000)
  object space 22016K, 90% used [0x00000000d0400000,0x00000000d175e380,0x00000000d1980000)
 Metaspace       used 32733K, capacity 33732K, committed 33920K, reserved 1079296K
  class space    used 4190K, capacity 4442K, committed 4480K, reserved 1048576K
Event: 8.811 GC heap after
Heap after GC invocations=16 (full 2):
 PSYoungGen      total 179712K, used 0K [0x00000000f0180000, 0x00000000fc080000, 0x0000000100000000)
  eden space 169984K, 0% used [0x00000000f0180000,0x00000000f0180000,0x00000000fa780000)
  from space 9728K, 0% used [0x00000000fb100000,0x00000000fb100000,0x00000000fba80000)
  to   space 9728K, 0% used [0x00000000fa780000,0x00000000fa780000,0x00000000fb100000)
 ParOldGen       total 44032K, used 19537K [0x00000000d0400000, 0x00000000d2f00000, 0x00000000f0180000)
  object space 44032K, 44% used [0x00000000d0400000,0x00000000d1714510,0x00000000d2f00000)
 Metaspace       used 32733K, capacity 33732K, committed 33920K, reserved 1079296K
  class space    used 4190K, capacity 4442K, committed 4480K, reserved 1048576K
}
Event: 11.150 GC heap before
{Heap before GC invocations=17 (full 2):
 PSYoungGen      total 179712K, used 169984K [0x00000000f0180000, 0x00000000fc080000, 0x0000000100000000)
  eden space 169984K, 100% used [0x00000000f0180000,0x00000000fa780000,0x00000000fa780000)
  from space 9728K, 0% used [0x00000000fb100000,0x00000000fb100000,0x00000000fba80000)
  to   space 9728K, 0% used [0x00000000fa780000,0x00000000fa780000,0x00000000fb100000)
 ParOldGen       total 44032K, used 19537K [0x00000000d0400000, 0x00000000d2f00000, 0x00000000f0180000)
  object space 44032K, 44% used [0x00000000d0400000,0x00000000d1714510,0x00000000d2f00000)
 Metaspace       used 37425K, capacity 39004K, committed 39168K, reserved 1083392K
  class space    used 4789K, capacity 5106K, committed 5120K, reserved 1048576K
Event: 11.177 GC heap after
Heap after GC invocations=17 (full 2):
 PSYoungGen      total 179712K, used 8144K [0x00000000f0180000, 0x00000000ffe80000, 0x0000000100000000)
  eden space 169984K, 0% used [0x00000000f0180000,0x00000000f0180000,0x00000000fa780000)
  from space 9728K, 83% used [0x00000000fa780000,0x00000000faf74378,0x00000000fb100000)
  to   space 10240K, 0% used [0x00000000ff480000,0x00000000ff480000,0x00000000ffe80000)
 ParOldGen       total 44032K, used 19545K [0x00000000d0400000, 0x00000000d2f00000, 0x00000000f0180000)
  object space 44032K, 44% used [0x00000000d0400000,0x00000000d1716510,0x00000000d2f00000)
 Metaspace       used 37425K, capacity 39004K, committed 39168K, reserved 1083392K
  class space    used 4789K, capacity 5106K, committed 5120K, reserved 1048576K
}

Deoptimization events (10 events):
Event: 12.439 Thread 0x000000000289e000 Uncommon trap: reason=unhandled action=none pc=0x0000000003a561b0 method=java.net.URLClassLoader.findClass(Ljava/lang/String;)Ljava/lang/Class; @ 44
Event: 12.440 Thread 0x000000000289e000 Uncommon trap: reason=unhandled action=none pc=0x0000000003a561b0 method=java.net.URLClassLoader.findClass(Ljava/lang/String;)Ljava/lang/Class; @ 44
Event: 12.441 Thread 0x000000000289e000 Uncommon trap: reason=unhandled action=none pc=0x0000000003a561b0 method=java.net.URLClassLoader.findClass(Ljava/lang/String;)Ljava/lang/Class; @ 44
Event: 12.442 Thread 0x000000000289e000 Uncommon trap: reason=unhandled action=none pc=0x0000000003a561b0 method=java.net.URLClassLoader.findClass(Ljava/lang/String;)Ljava/lang/Class; @ 44
Event: 12.446 Thread 0x000000000289e000 Uncommon trap: reason=unhandled action=none pc=0x0000000003a561b0 method=java.net.URLClassLoader.findClass(Ljava/lang/String;)Ljava/lang/Class; @ 44
Event: 12.447 Thread 0x000000000289e000 Uncommon trap: reason=unhandled action=none pc=0x0000000003a561b0 method=java.net.URLClassLoader.findClass(Ljava/lang/String;)Ljava/lang/Class; @ 44
Event: 12.448 Thread 0x000000000289e000 Uncommon trap: reason=unhandled action=none pc=0x0000000003a561b0 method=java.net.URLClassLoader.findClass(Ljava/lang/String;)Ljava/lang/Class; @ 44
Event: 12.451 Thread 0x000000000289e000 Uncommon trap: reason=unhandled action=none pc=0x0000000003a561b0 method=java.net.URLClassLoader.findClass(Ljava/lang/String;)Ljava/lang/Class; @ 44
Event: 12.452 Thread 0x000000000289e000 Uncommon trap: reason=unhandled action=none pc=0x0000000003a561b0 method=java.net.URLClassLoader.findClass(Ljava/lang/String;)Ljava/lang/Class; @ 44
Event: 12.452 Thread 0x000000000289e000 Uncommon trap: reason=unhandled action=none pc=0x0000000003a561b0 method=java.net.URLClassLoader.findClass(Ljava/lang/String;)Ljava/lang/Class; @ 44

Classes redefined (0 events):
No events

Internal exceptions (10 events):
Event: 12.401 Thread 0x000000000289e000 Exception <a 'java/lang/ClassNotFoundException': org/mybatis/spring/support/SqlSessionDaoSupportCustomizer> (0x00000000f5df3ea8) thrown at [C:\re\workspace\8-2-build-windows-amd64-cygwin\jdk8u181\11358\hotspot\src\share\vm\classfile\systemDictionary.cpp, 
Event: 12.402 Thread 0x000000000289e000 Exception <a 'java/lang/ClassNotFoundException': org/mybatis/spring/mapper/MapperFactoryBeanCustomizer> (0x00000000f5e12750) thrown at [C:\re\workspace\8-2-build-windows-amd64-cygwin\jdk8u181\11358\hotspot\src\share\vm\classfile\systemDictionary.cpp, line
Event: 12.402 Thread 0x000000000289e000 Exception <a 'java/lang/ArrayIndexOutOfBoundsException': 5> (0x00000000f5e13ea8) thrown at [C:\re\workspace\8-2-build-windows-amd64-cygwin\jdk8u181\11358\hotspot\src\share\vm\interpreter\interpreterRuntime.cpp, line 366]
Event: 12.403 Thread 0x000000000289e000 Exception <a 'java/lang/ArrayIndexOutOfBoundsException': 24> (0x00000000f5e14d28) thrown at [C:\re\workspace\8-2-build-windows-amd64-cygwin\jdk8u181\11358\hotspot\src\share\vm\interpreter\interpreterRuntime.cpp, line 366]
Event: 12.403 Thread 0x000000000289e000 Exception <a 'java/lang/ArrayIndexOutOfBoundsException': 25> (0x00000000f5e16398) thrown at [C:\re\workspace\8-2-build-windows-amd64-cygwin\jdk8u181\11358\hotspot\src\share\vm\interpreter\interpreterRuntime.cpp, line 366]
Event: 12.403 Thread 0x000000000289e000 Exception <a 'java/lang/ArrayIndexOutOfBoundsException': 24> (0x00000000f5e178f0) thrown at [C:\re\workspace\8-2-build-windows-amd64-cygwin\jdk8u181\11358\hotspot\src\share\vm\interpreter\interpreterRuntime.cpp, line 366]
Event: 12.404 Thread 0x000000000289e000 Exception <a 'java/lang/ClassNotFoundException': org/springframework/beans/factory/FactoryBeanCustomizer> (0x00000000f5e407e8) thrown at [C:\re\workspace\8-2-build-windows-amd64-cygwin\jdk8u181\11358\hotspot\src\share\vm\classfile\systemDictionary.cpp, li
Event: 12.405 Thread 0x000000000289e000 Exception <a 'java/lang/ArrayIndexOutOfBoundsException': 5> (0x00000000f5e412f8) thrown at [C:\re\workspace\8-2-build-windows-amd64-cygwin\jdk8u181\11358\hotspot\src\share\vm\interpreter\interpreterRuntime.cpp, line 366]
Event: 12.405 Thread 0x000000000289e000 Exception <a 'java/lang/ArrayIndexOutOfBoundsException': 22> (0x00000000f5e42430) thrown at [C:\re\workspace\8-2-build-windows-amd64-cygwin\jdk8u181\11358\hotspot\src\share\vm\interpreter\interpreterRuntime.cpp, line 366]
Event: 12.406 Thread 0x000000000289e000 Exception <a 'java/lang/ClassNotFoundException': org/springframework/beans/factory/InitializingBeanCustomizer> (0x00000000f5e62f40) thrown at [C:\re\workspace\8-2-build-windows-amd64-cygwin\jdk8u181\11358\hotspot\src\share\vm\classfile\systemDictionary.cp

Events (10 events):
Event: 12.451 Thread 0x000000000289e000 DEOPT PACKING pc=0x0000000003a561b0 sp=0x0000000002d8a6b0
Event: 12.451 Thread 0x000000000289e000 DEOPT UNPACKING pc=0x000000000303557b sp=0x0000000002d8a5a8 mode 2
Event: 12.452 loading class org/apache/ibatis/javassist/util/proxy/ProxyFactory$UniqueName
Event: 12.452 loading class org/apache/ibatis/javassist/util/proxy/ProxyFactory$UniqueName done
Event: 12.452 Thread 0x000000000289e000 Uncommon trap: trap_request=0xffffffa7 fr.pc=0x0000000003a561b0
Event: 12.452 Thread 0x000000000289e000 DEOPT PACKING pc=0x0000000003a561b0 sp=0x0000000002d8a6b0
Event: 12.452 Thread 0x000000000289e000 DEOPT UNPACKING pc=0x000000000303557b sp=0x0000000002d8a5a8 mode 2
Event: 12.452 loading class org/apache/ibatis/javassist/bytecode/DuplicateMemberException
Event: 12.452 loading class org/apache/ibatis/javassist/bytecode/DuplicateMemberException done
Event: 12.452 Thread 0x000000000289e000 Uncommon trap: trap_request=0xffffffa7 fr.pc=0x0000000003a561b0


Dynamic libraries:
0x00007ff694110000 - 0x00007ff694147000 	C:\Program Files\Java\jdk1.8.0_181\bin\javaw.exe
0x00007ffab30b0000 - 0x00007ffab3291000 	C:\Windows\SYSTEM32\ntdll.dll
0x00007ffab05a0000 - 0x00007ffab0652000 	C:\Windows\System32\KERNEL32.DLL
0x00007ffaaff30000 - 0x00007ffab01a3000 	C:\Windows\System32\KERNELBASE.dll
0x00007ffab27f0000 - 0x00007ffab2891000 	C:\Windows\System32\ADVAPI32.dll
0x00007ffab2920000 - 0x00007ffab29be000 	C:\Windows\System32\msvcrt.dll
0x00007ffab2590000 - 0x00007ffab25eb000 	C:\Windows\System32\sechost.dll
0x00007ffab29f0000 - 0x00007ffab2b14000 	C:\Windows\System32\RPCRT4.dll
0x00007ffab2ef0000 - 0x00007ffab3080000 	C:\Windows\System32\USER32.dll
0x00007ffab01b0000 - 0x00007ffab01d0000 	C:\Windows\System32\win32u.dll
0x00007ffab2e10000 - 0x00007ffab2e38000 	C:\Windows\System32\GDI32.dll
0x00007ffaafc90000 - 0x00007ffaafe22000 	C:\Windows\System32\gdi32full.dll
0x00007ffaaf480000 - 0x00007ffaaf51f000 	C:\Windows\System32\msvcp_win.dll
0x00007ffaafe30000 - 0x00007ffaaff2a000 	C:\Windows\System32\ucrtbase.dll
0x00007ffaa2500000 - 0x00007ffaa2769000 	C:\Windows\WinSxS\amd64_microsoft.windows.common-controls_6595b64144ccf1df_6.0.17134.590_none_fb3d9bff3069e088\COMCTL32.dll
0x00007ffab0e20000 - 0x00007ffab1142000 	C:\Windows\System32\combase.dll
0x00007ffab0280000 - 0x00007ffab02fa000 	C:\Windows\System32\bcryptPrimitives.dll
0x00007ffab29c0000 - 0x00007ffab29ed000 	C:\Windows\System32\IMM32.DLL
0x0000000070c20000 - 0x0000000070cf2000 	C:\Program Files\Java\jdk1.8.0_181\jre\bin\msvcr100.dll
0x0000000070ef0000 - 0x0000000071792000 	C:\Program Files\Java\jdk1.8.0_181\jre\bin\server\jvm.dll
0x00007ffab2910000 - 0x00007ffab2918000 	C:\Windows\System32\PSAPI.DLL
0x00007ffaa4390000 - 0x00007ffaa4399000 	C:\Windows\SYSTEM32\WSOCK32.dll
0x00007ffaad020000 - 0x00007ffaad043000 	C:\Windows\SYSTEM32\WINMM.dll
0x00007ffaa5680000 - 0x00007ffaa568a000 	C:\Windows\SYSTEM32\VERSION.dll
0x00007ffab28a0000 - 0x00007ffab290c000 	C:\Windows\System32\WS2_32.dll
0x00007ffaac600000 - 0x00007ffaac62a000 	C:\Windows\SYSTEM32\winmmbase.dll
0x00007ffab04f0000 - 0x00007ffab0539000 	C:\Windows\System32\cfgmgr32.dll
0x0000000070e00000 - 0x0000000070e0f000 	C:\Program Files\Java\jdk1.8.0_181\jre\bin\verify.dll
0x0000000070dd0000 - 0x0000000070df9000 	C:\Program Files\Java\jdk1.8.0_181\jre\bin\java.dll
0x0000000070be0000 - 0x0000000070c15000 	C:\Program Files\Java\jdk1.8.0_181\jre\bin\jdwp.dll
0x0000000070bd0000 - 0x0000000070bd8000 	C:\Program Files\Java\jdk1.8.0_181\jre\bin\npt.dll
0x0000000070da0000 - 0x0000000070dc3000 	C:\Program Files\Java\jdk1.8.0_181\jre\bin\instrument.dll
0x0000000070d80000 - 0x0000000070d96000 	C:\Program Files\Java\jdk1.8.0_181\jre\bin\zip.dll
0x00007ffab1150000 - 0x00007ffab2590000 	C:\Windows\System32\SHELL32.dll
0x00007ffab2e40000 - 0x00007ffab2ee9000 	C:\Windows\System32\shcore.dll
0x00007ffaaf580000 - 0x00007ffaafc8d000 	C:\Windows\System32\windows.storage.dll
0x00007ffab0540000 - 0x00007ffab0591000 	C:\Windows\System32\shlwapi.dll
0x00007ffaaf440000 - 0x00007ffaaf451000 	C:\Windows\System32\kernel.appcore.dll
0x00007ffaaf410000 - 0x00007ffaaf42f000 	C:\Windows\System32\profapi.dll
0x00007ffaaf3c0000 - 0x00007ffaaf40c000 	C:\Windows\System32\powrprof.dll
0x00007ffaaf430000 - 0x00007ffaaf43a000 	C:\Windows\System32\FLTLIB.DLL
0x0000000070bc0000 - 0x0000000070bc9000 	C:\Program Files\Java\jdk1.8.0_181\jre\bin\dt_socket.dll
0x00007ffa99ca0000 - 0x00007ffa99cb6000 	C:\Windows\system32\napinsp.dll
0x00007ffa99c80000 - 0x00007ffa99c9a000 	C:\Windows\system32\pnrpnsp.dll
0x00007ffaabf10000 - 0x00007ffaabf29000 	C:\Windows\system32\NLAapi.dll
0x00007ffaaebc0000 - 0x00007ffaaec26000 	C:\Windows\System32\mswsock.dll
0x00007ffaae980000 - 0x00007ffaaea3e000 	C:\Windows\SYSTEM32\DNSAPI.dll
0x00007ffab0800000 - 0x00007ffab0808000 	C:\Windows\System32\NSI.dll
0x00007ffaae940000 - 0x00007ffaae978000 	C:\Windows\SYSTEM32\IPHLPAPI.DLL
0x00007ffa99c70000 - 0x00007ffa99c7e000 	C:\Windows\System32\winrnr.dll
0x00007ffaa9a30000 - 0x00007ffaa9aa2000 	C:\Windows\System32\fwpuclnt.dll
0x00007ffaaeea0000 - 0x00007ffaaeec5000 	C:\Windows\SYSTEM32\bcrypt.dll
0x00007ffaa8360000 - 0x00007ffaa836a000 	C:\Windows\System32\rasadhlp.dll
0x0000000070d60000 - 0x0000000070d7a000 	C:\Program Files\Java\jdk1.8.0_181\jre\bin\net.dll
0x00007ffaa8f30000 - 0x00007ffaa8f46000 	C:\Windows\SYSTEM32\dhcpcsvc6.DLL
0x00007ffaa8d00000 - 0x00007ffaa8d1a000 	C:\Windows\SYSTEM32\dhcpcsvc.DLL
0x0000000070bb0000 - 0x0000000070bbd000 	C:\Program Files\Java\jdk1.8.0_181\jre\bin\management.dll
0x0000000070d40000 - 0x0000000070d51000 	C:\Program Files\Java\jdk1.8.0_181\jre\bin\nio.dll
0x00007ffaaed70000 - 0x00007ffaaed87000 	C:\Windows\SYSTEM32\CRYPTSP.dll
0x00007ffaae7a0000 - 0x00007ffaae7d3000 	C:\Windows\system32\rsaenh.dll
0x00007ffaaf2c0000 - 0x00007ffaaf2e8000 	C:\Windows\SYSTEM32\USERENV.dll
0x00007ffaaed90000 - 0x00007ffaaed9b000 	C:\Windows\SYSTEM32\CRYPTBASE.dll

VM Arguments:
jvm_args: -agentlib:jdwp=transport=dt_socket,suspend=y,address=localhost:50786 -javaagent:C:\Users\yrz\eclipse\jee-photon\eclipse\configuration\org.eclipse.osgi\418\0\.cp\lib\javaagent-shaded.jar -Dfile.encoding=UTF-8 
java_command: com.yang.test.java.springboot.DataUpdateStartup
java_class_path (initial): C:\Program Files\Java\jdk1.8.0_181\jre\lib\resources.jar;C:\Program Files\Java\jdk1.8.0_181\jre\lib\rt.jar;C:\Program Files\Java\jdk1.8.0_181\jre\lib\jsse.jar;C:\Program Files\Java\jdk1.8.0_181\jre\lib\jce.jar;C:\Program Files\Java\jdk1.8.0_181\jre\lib\charsets.jar;C:\Program Files\Java\jdk1.8.0_181\jre\lib\jfr.jar;C:\Program Files\Java\jdk1.8.0_181\jre\lib\ext\access-bridge-64.jar;C:\Program Files\Java\jdk1.8.0_181\jre\lib\ext\cldrdata.jar;C:\Program Files\Java\jdk1.8.0_181\jre\lib\ext\dnsns.jar;C:\Program Files\Java\jdk1.8.0_181\jre\lib\ext\jaccess.jar;C:\Program Files\Java\jdk1.8.0_181\jre\lib\ext\jfxrt.jar;C:\Program Files\Java\jdk1.8.0_181\jre\lib\ext\localedata.jar;C:\Program Files\Java\jdk1.8.0_181\jre\lib\ext\nashorn.jar;C:\Program Files\Java\jdk1.8.0_181\jre\lib\ext\sunec.jar;C:\Program Files\Java\jdk1.8.0_181\jre\lib\ext\sunjce_provider.jar;C:\Program Files\Java\jdk1.8.0_181\jre\lib\ext\sunmscapi.jar;C:\Program Files\Java\jdk1.8.0_181\jre\lib\ext\sunpkcs11.jar;C:\Program Files\Java\jdk1.8.0_181\jre\lib\ext\zipfs.jar;C:\Users\yrz\Documents\GitHub\MyTest2\springboot.Mybatis.jta.atomikos.trasfer.db.2.db\target\classes;C:\Users\yrz\.m2\repository\org\springframework\cloud\spring-cloud-config-server\2.0.0.RELEASE\spring-cloud-config-server-2.0.0.RELEASE.jar;C:\Users\yrz\.m2\repository\org\springframework\cloud\spring-cloud-config-client\2.0.0.RELEASE\spring-cloud-config-client-2.0.0.RELEASE.jar;C:\Users\yrz\.m2\repository\org\springframework\cloud\spring-cloud-commons\2.0.0.RELEASE\spring-cloud-commons-2.0.0.RELEASE.jar;C:\Users\yrz\.m2\repository\org\springframework\cloud\spring-cloud-context\2.0.0.RELEASE\spring-cloud-context-2.0.0.RELEASE.jar;C:\Users\yrz\.m2\repository\com\fasterxml\jackson\core\jackson-annotations\2.9.0\jackson-annotations-2.9.0.jar;C:\Users\yrz\.m2\repository\com\fasterxml\jackson\core\jackson-databind\2.9.6\jackson-databind-2.9.6.jar;C:\Users\yrz\.m2\repository\com\fasterxml\jackson\core\jackson-core\2.9.6\ja
Launcher Type: SUN_STANDARD

Environment Variables:
JAVA_HOME=C:\Program Files\Java\jdk1.8.0_181
PATH=C:\Program Files\Java\jdk1.8.0_181\jre\bin;C:/Program Files/Java/jdk1.8.0_181/bin/../jre/bin/server;C:/Program Files/Java/jdk1.8.0_181/bin/../jre/bin;C:/Program Files/Java/jdk1.8.0_181/bin/../jre/lib/amd64;C:\Windows\system32;C:\Windows;C:\Windows\System32\Wbem;C:\Windows\System32\WindowsPowerShell\v1.0\;C:\Windows\System32\OpenSSH\;C:\apache-maven-3.5.4\bin;C:\hadoop-2.6.5\bin;C:\Program Files\Java\jdk1.8.0_181\bin;C:\Program Files\TortoiseSVN\bin;C:\Users\yrz\AppData\Local\Programs\Python\Python37\Scripts\;C:\Users\yrz\AppData\Local\Programs\Python\Python37\;C:\Users\yrz\AppData\Local\Microsoft\WindowsApps;C:\Users\yrz\AppData\Local\GitHubDesktop\bin;C:\Users\yrz\Desktop;
USERNAME=yrz
OS=Windows_NT
PROCESSOR_IDENTIFIER=Intel64 Family 6 Model 94 Stepping 3, GenuineIntel



---------------  S Y S T E M  ---------------

OS: Windows 10.0 , 64 bit Build 17134 (10.0.17134.556)

CPU:total 8 (initial active 8) (4 cores per cpu, 2 threads per core) family 6 model 94 stepping 3, cmov, cx8, fxsr, mmx, sse, sse2, sse3, ssse3, sse4.1, sse4.2, popcnt, avx, avx2, aes, clmul, erms, rtm, 3dnowpref, lzcnt, ht, tsc, bmi1, bmi2, adx

Memory: 4k page, physical 3122740k(197756k free), swap 3122740k(5296k free)

vm_info: Java HotSpot(TM) 64-Bit Server VM (25.181-b13) for windows-amd64 JRE (1.8.0_181-b13), built on Jul  7 2018 04:01:33 by "java_re" with MS VC++ 10.0 (VS2010)

time: Sat Nov 02 21:07:05 2019
elapsed time: 12 seconds (0d 0h 0m 12s)

